<?xml version="1.0" encoding="UTF-8"?>
<coverage generated="1576529325809" clover="3.2.0">
  <project timestamp="1576529325809" name="All files">
    <metrics statements="4" coveredstatements="4" conditionals="0" coveredconditionals="0" methods="0" coveredmethods="0" elements="4" coveredelements="4" complexity="0" loc="4" ncloc="4" packages="1" files="1" classes="1"/>
    <file name="Trip.js" path="C:\Users\Dan\Documents\alchemy\career-track\labs\lab-11-travel-manager\lib\models\Trip.js">
      <metrics statements="4" coveredstatements="4" conditionals="0" coveredconditionals="0" methods="0" coveredmethods="0"/>
      <line num="1" count="1" type="stmt"/>
      <line num="3" count="1" type="stmt"/>
      <line num="22" count="1" type="stmt"/>
      <line num="28" count="1" type="stmt"/>
    </file>
  </project>
</coverage>
