{"C:\\Users\\Dan\\Documents\\alchemy\\career-track\\labs\\lab-11-travel-manager\\lib\\models\\Trip.js": {"path":"C:\\Users\\Dan\\Documents\\alchemy\\career-track\\labs\\lab-11-travel-manager\\lib\\models\\Trip.js","statementMap":{"0":{"start":{"line":1,"column":17},"end":{"line":1,"column":36}},"1":{"start":{"line":3,"column":15},"end":{"line":20,"column":2}},"2":{"start":{"line":22,"column":0},"end":{"line":26,"column":3}},"3":{"start":{"line":28,"column":0},"end":{"line":28,"column":48}}},"fnMap":{},"branchMap":{},"s":{"0":1,"1":1,"2":1,"3":1},"f":{},"b":{},"_coverageSchema":"43e27e138ebf9cfc5966b082cf9a028302ed4184","hash":"3af5211d9821349f38afe4f7ce2c6848ef26a9bf"}
}
